<?xml version="1.0" encoding="UTF-8"?>
<testng-results skipped="0" failed="0" ignored="0" total="1" passed="1">
  <reporter-output>
  </reporter-output>
  <suite name="Default suite" duration-ms="128800" started-at="2019-07-13T19:22:26Z" finished-at="2019-07-13T19:24:35Z">
    <groups>
    </groups>
    <test name="Default test" duration-ms="128800" started-at="2019-07-13T19:22:26Z" finished-at="2019-07-13T19:24:35Z">
      <class name="My_expedia.expedia.Test_expedia">
        <test-method status="PASS" signature="create()[pri:0, instance:My_expedia.expedia.Test_expedia@18be83e4]" name="create" duration-ms="128781" started-at="2019-07-13T19:22:26Z" finished-at="2019-07-13T19:24:35Z">
          <reporter-output>
          </reporter-output>
        </test-method> <!-- create -->
        <test-method status="PASS" signature="afterSuite()[pri:0, instance:My_expedia.expedia.Test_expedia@18be83e4]" name="afterSuite" is-config="true" duration-ms="1" started-at="2019-07-13T19:24:35Z" finished-at="2019-07-13T19:24:35Z">
          <reporter-output>
          </reporter-output>
        </test-method> <!-- afterSuite -->
      </class> <!-- My_expedia.expedia.Test_expedia -->
    </test> <!-- Default test -->
  </suite> <!-- Default suite -->
</testng-results>
